* installing *source* package ‘dists’ ...
** using staged installation
** libs
make: Nothing to be done for `all'.
make: `symbols.rds' is up to date.
installing to /Users/noelia/Desktop/Github/dists/..Rcheck/00LOCK-dists/00new/dists/libs
** R
** data
*** moving datasets to lazyload DB
** byte-compile and prepare package for lazy loading
** help
*** installing help indices
*** copying figures
** building package indices
** installing vignettes
** testing if installed package can be loaded from temporary location
** checking absolute paths in shared objects and dynamic libraries
** testing if installed package can be loaded from final location
** testing if installed package keeps a record of temporary installation path
* DONE (dists)
